<?xml version="1.0" encoding="UTF-8"?>
<testng-results ignored="0" total="1" passed="1" failed="0" skipped="0">
  <reporter-output>
  </reporter-output>
  <suite started-at="2025-06-30T19:27:10 IST" name="Suite" finished-at="2025-06-30T19:27:46 IST" duration-ms="36075">
    <groups>
    </groups>
    <test started-at="2025-06-30T19:27:10 IST" name="Test" finished-at="2025-06-30T19:27:46 IST" duration-ms="36075">
      <class name="test.LoginTest">
        <test-method is-config="true" signature="setupReport()[pri:0, instance:test.LoginTest@70ed52de]" started-at="2025-06-30T19:27:10 IST" name="setupReport" finished-at="2025-06-30T19:27:10 IST" duration-ms="46" status="PASS">
          <reporter-output>
          </reporter-output>
        </test-method> <!-- setupReport -->
        <test-method is-config="true" signature="setup(java.lang.String)[pri:0, instance:test.LoginTest@70ed52de]" started-at="2025-06-30T19:27:10 IST" name="setup" finished-at="2025-06-30T19:27:40 IST" duration-ms="29828" status="PASS">
          <params>
            <param index="0">
              <value>
                <![CDATA[chrome]]>
              </value>
            </param>
          </params>
          <reporter-output>
          </reporter-output>
        </test-method> <!-- setup -->
        <test-method signature="validLoginTest(java.lang.String,java.lang.String)[pri:0, instance:test.LoginTest@70ed52de]" started-at="2025-06-30T19:27:40 IST" name="validLoginTest" data-provider="loginData" finished-at="2025-06-30T19:27:45 IST" duration-ms="4643" status="PASS">
          <params>
            <param index="0">
              <value>
                <![CDATA[Admin]]>
              </value>
            </param>
            <param index="1">
              <value>
                <![CDATA[admin123]]>
              </value>
            </param>
          </params>
          <reporter-output>
          </reporter-output>
        </test-method> <!-- validLoginTest -->
        <test-method is-config="true" signature="tearDown(org.testng.ITestResult)[pri:0, instance:test.LoginTest@70ed52de]" started-at="2025-06-30T19:27:45 IST" name="tearDown" finished-at="2025-06-30T19:27:46 IST" duration-ms="1335" status="PASS">
          <params>
            <param index="0">
              <value>
                <![CDATA[[TestResult name=validLoginTest status=SUCCESS method=LoginTest.validLoginTest(java.lang.String,java.lang.String)[pri:0, instance:test.LoginTest@70ed52de] output={null}]]]>
              </value>
            </param>
          </params>
          <reporter-output>
          </reporter-output>
        </test-method> <!-- tearDown -->
        <test-method is-config="true" signature="tearDownReport()[pri:0, instance:test.LoginTest@70ed52de]" started-at="2025-06-30T19:27:48 IST" name="tearDownReport" finished-at="2025-06-30T19:27:48 IST" duration-ms="330" status="PASS">
          <reporter-output>
          </reporter-output>
        </test-method> <!-- tearDownReport -->
      </class> <!-- test.LoginTest -->
    </test> <!-- Test -->
  </suite> <!-- Suite -->
</testng-results>
